<?xml version="1.0" encoding="UTF-8"?>
<testng-results skipped="0" failed="0" ignored="0" total="1" passed="1">
  <reporter-output>
  </reporter-output>
  <suite name="Default suite" duration-ms="3392" started-at="2021-03-27T19:00:20 EDT" finished-at="2021-03-27T19:00:23 EDT">
    <groups>
    </groups>
    <test name="Default test" duration-ms="3392" started-at="2021-03-27T19:00:20 EDT" finished-at="2021-03-27T19:00:23 EDT">
      <class name="deserializations.DeserializationTest">
        <test-method status="PASS" signature="deserialization_test()[pri:0, instance:deserializations.DeserializationTest@86be70a]" name="deserialization_test" duration-ms="3334" started-at="2021-03-27T19:00:20 EDT" finished-at="2021-03-27T19:00:23 EDT">
          <reporter-output>
          </reporter-output>
        </test-method> <!-- deserialization_test -->
      </class> <!-- deserializations.DeserializationTest -->
    </test> <!-- Default test -->
  </suite> <!-- Default suite -->
</testng-results>
